{"/Users/sakshisharma/Documents/ai-practical-/src/backend/app.js": {"path":"/Users/sakshisharma/Documents/ai-practical-/src/backend/app.js","statementMap":{"0":{"start":{"line":1,"column":16},"end":{"line":1,"column":34}},"1":{"start":{"line":2,"column":13},"end":{"line":2,"column":28}},"2":{"start":{"line":3,"column":15},"end":{"line":3,"column":32}},"3":{"start":{"line":4,"column":15},"end":{"line":4,"column":32}},"4":{"start":{"line":5,"column":41},"end":{"line":5,"column":69}},"5":{"start":{"line":6,"column":0},"end":{"line":6,"column":27}},"6":{"start":{"line":13,"column":12},"end":{"line":13,"column":21}},"7":{"start":{"line":16,"column":0},"end":{"line":25,"column":4}},"8":{"start":{"line":28,"column":0},"end":{"line":33,"column":4}},"9":{"start":{"line":36,"column":0},"end":{"line":38,"column":1}},"10":{"start":{"line":37,"column":2},"end":{"line":37,"column":56}},"11":{"start":{"line":41,"column":0},"end":{"line":44,"column":4}},"12":{"start":{"line":46,"column":0},"end":{"line":49,"column":4}},"13":{"start":{"line":52,"column":0},"end":{"line":66,"column":3}},"14":{"start":{"line":53,"column":19},"end":{"line":53,"column":40}},"15":{"start":{"line":55,"column":2},"end":{"line":65,"column":5}},"16":{"start":{"line":69,"column":0},"end":{"line":83,"column":3}},"17":{"start":{"line":70,"column":19},"end":{"line":70,"column":40}},"18":{"start":{"line":72,"column":2},"end":{"line":82,"column":5}},"19":{"start":{"line":89,"column":0},"end":{"line":95,"column":3}},"20":{"start":{"line":90,"column":2},"end":{"line":94,"column":5}},"21":{"start":{"line":98,"column":0},"end":{"line":116,"column":3}},"22":{"start":{"line":99,"column":2},"end":{"line":99,"column":31}},"23":{"start":{"line":102,"column":15},"end":{"line":102,"column":50}},"24":{"start":{"line":103,"column":16},"end":{"line":103,"column":54}},"25":{"start":{"line":106,"column":2},"end":{"line":108,"column":3}},"26":{"start":{"line":107,"column":4},"end":{"line":107,"column":38}},"27":{"start":{"line":110,"column":2},"end":{"line":115,"column":5}},"28":{"start":{"line":123,"column":2},"end":{"line":137,"column":3}},"29":{"start":{"line":124,"column":4},"end":{"line":124,"column":20}},"30":{"start":{"line":125,"column":4},"end":{"line":125,"column":55}},"31":{"start":{"line":127,"column":4},"end":{"line":127,"column":70}},"32":{"start":{"line":130,"column":4},"end":{"line":133,"column":5}},"33":{"start":{"line":131,"column":6},"end":{"line":131,"column":82}},"34":{"start":{"line":132,"column":6},"end":{"line":132,"column":13}},"35":{"start":{"line":136,"column":4},"end":{"line":136,"column":16}},"36":{"start":{"line":140,"column":0},"end":{"line":140,"column":45}}},"fnMap":{"0":{"name":"(anonymous_0)","decl":{"start":{"line":52,"column":19},"end":{"line":52,"column":20}},"loc":{"start":{"line":52,"column":33},"end":{"line":66,"column":1}},"line":52},"1":{"name":"(anonymous_1)","decl":{"start":{"line":69,"column":28},"end":{"line":69,"column":29}},"loc":{"start":{"line":69,"column":42},"end":{"line":83,"column":1}},"line":69},"2":{"name":"(anonymous_2)","decl":{"start":{"line":89,"column":8},"end":{"line":89,"column":9}},"loc":{"start":{"line":89,"column":22},"end":{"line":95,"column":1}},"line":89},"3":{"name":"(anonymous_3)","decl":{"start":{"line":98,"column":8},"end":{"line":98,"column":9}},"loc":{"start":{"line":98,"column":33},"end":{"line":116,"column":1}},"line":98},"4":{"name":"initializeDatabase","decl":{"start":{"line":122,"column":15},"end":{"line":122,"column":33}},"loc":{"start":{"line":122,"column":36},"end":{"line":138,"column":1}},"line":122}},"branchMap":{"0":{"loc":{"start":{"line":29,"column":10},"end":{"line":29,"column":61}},"type":"binary-expr","locations":[{"start":{"line":29,"column":10},"end":{"line":29,"column":34}},{"start":{"line":29,"column":38},"end":{"line":29,"column":61}}],"line":29},"1":{"loc":{"start":{"line":36,"column":0},"end":{"line":38,"column":1}},"type":"if","locations":[{"start":{"line":36,"column":0},"end":{"line":38,"column":1}},{"start":{},"end":{}}],"line":36},"2":{"loc":{"start":{"line":37,"column":17},"end":{"line":37,"column":53}},"type":"binary-expr","locations":[{"start":{"line":37,"column":17},"end":{"line":37,"column":39}},{"start":{"line":37,"column":43},"end":{"line":37,"column":53}}],"line":37},"3":{"loc":{"start":{"line":59,"column":13},"end":{"line":59,"column":47}},"type":"binary-expr","locations":[{"start":{"line":59,"column":13},"end":{"line":59,"column":36}},{"start":{"line":59,"column":40},"end":{"line":59,"column":47}}],"line":59},"4":{"loc":{"start":{"line":63,"column":19},"end":{"line":63,"column":52}},"type":"binary-expr","locations":[{"start":{"line":63,"column":19},"end":{"line":63,"column":47}},{"start":{"line":63,"column":51},"end":{"line":63,"column":52}}],"line":63},"5":{"loc":{"start":{"line":72,"column":13},"end":{"line":72,"column":45}},"type":"cond-expr","locations":[{"start":{"line":72,"column":36},"end":{"line":72,"column":39}},{"start":{"line":72,"column":42},"end":{"line":72,"column":45}}],"line":72},"6":{"loc":{"start":{"line":102,"column":15},"end":{"line":102,"column":50}},"type":"binary-expr","locations":[{"start":{"line":102,"column":15},"end":{"line":102,"column":25}},{"start":{"line":102,"column":29},"end":{"line":102,"column":43}},{"start":{"line":102,"column":47},"end":{"line":102,"column":50}}],"line":102},"7":{"loc":{"start":{"line":103,"column":16},"end":{"line":103,"column":54}},"type":"binary-expr","locations":[{"start":{"line":103,"column":16},"end":{"line":103,"column":27}},{"start":{"line":103,"column":31},"end":{"line":103,"column":54}}],"line":103},"8":{"loc":{"start":{"line":106,"column":2},"end":{"line":108,"column":3}},"type":"if","locations":[{"start":{"line":106,"column":2},"end":{"line":108,"column":3}},{"start":{},"end":{}}],"line":106},"9":{"loc":{"start":{"line":106,"column":6},"end":{"line":106,"column":61}},"type":"binary-expr","locations":[{"start":{"line":106,"column":6},"end":{"line":106,"column":43}},{"start":{"line":106,"column":47},"end":{"line":106,"column":61}}],"line":106},"10":{"loc":{"start":{"line":114,"column":8},"end":{"line":114,"column":69}},"type":"binary-expr","locations":[{"start":{"line":114,"column":8},"end":{"line":114,"column":45}},{"start":{"line":114,"column":49},"end":{"line":114,"column":69}}],"line":114},"11":{"loc":{"start":{"line":130,"column":4},"end":{"line":133,"column":5}},"type":"if","locations":[{"start":{"line":130,"column":4},"end":{"line":133,"column":5}},{"start":{},"end":{}}],"line":130}},"s":{"0":1,"1":1,"2":1,"3":1,"4":1,"5":1,"6":1,"7":1,"8":1,"9":1,"10":0,"11":1,"12":1,"13":1,"14":5,"15":5,"16":1,"17":1,"18":1,"19":1,"20":4,"21":1,"22":1,"23":1,"24":1,"25":1,"26":0,"27":1,"28":0,"29":0,"30":0,"31":0,"32":0,"33":0,"34":0,"35":0,"36":1},"f":{"0":5,"1":1,"2":4,"3":1,"4":0},"b":{"0":[1,0],"1":[0,1],"2":[0,0],"3":[5,0],"4":[5,5],"5":[0,1],"6":[1,0,0],"7":[1,0],"8":[0,1],"9":[1,0],"10":[1,1],"11":[0,0]},"inputSourceMap":null,"_coverageSchema":"1a1c01bbd47fc00a2c39e90264f33305004495a9","hash":"9a15259f705743bb76fd1d26255bf71b621bc73a"}
,"/Users/sakshisharma/Documents/ai-practical-/src/backend/server.js": {"path":"/Users/sakshisharma/Documents/ai-practical-/src/backend/server.js","statementMap":{"0":{"start":{"line":1,"column":36},"end":{"line":1,"column":52}},"1":{"start":{"line":2,"column":23},"end":{"line":2,"column":51}},"2":{"start":{"line":3,"column":0},"end":{"line":3,"column":27}},"3":{"start":{"line":11,"column":13},"end":{"line":11,"column":37}},"4":{"start":{"line":12,"column":13},"end":{"line":12,"column":44}},"5":{"start":{"line":20,"column":2},"end":{"line":45,"column":3}},"6":{"start":{"line":22,"column":4},"end":{"line":22,"column":58}},"7":{"start":{"line":24,"column":4},"end":{"line":30,"column":5}},"8":{"start":{"line":25,"column":6},"end":{"line":25,"column":33}},"9":{"start":{"line":27,"column":6},"end":{"line":27,"column":86}},"10":{"start":{"line":28,"column":6},"end":{"line":28,"column":86}},"11":{"start":{"line":29,"column":6},"end":{"line":29,"column":79}},"12":{"start":{"line":33,"column":4},"end":{"line":39,"column":7}},"13":{"start":{"line":34,"column":6},"end":{"line":34,"column":80}},"14":{"start":{"line":35,"column":6},"end":{"line":35,"column":78}},"15":{"start":{"line":36,"column":6},"end":{"line":36,"column":68}},"16":{"start":{"line":37,"column":6},"end":{"line":37,"column":82}},"17":{"start":{"line":38,"column":6},"end":{"line":38,"column":65}},"18":{"start":{"line":41,"column":4},"end":{"line":41,"column":18}},"19":{"start":{"line":43,"column":4},"end":{"line":43,"column":63}},"20":{"start":{"line":44,"column":4},"end":{"line":44,"column":20}},"21":{"start":{"line":52,"column":2},"end":{"line":52,"column":72}},"22":{"start":{"line":54,"column":2},"end":{"line":78,"column":3}},"23":{"start":{"line":56,"column":4},"end":{"line":67,"column":5}},"24":{"start":{"line":57,"column":6},"end":{"line":66,"column":9}},"25":{"start":{"line":58,"column":8},"end":{"line":65,"column":11}},"26":{"start":{"line":59,"column":10},"end":{"line":64,"column":11}},"27":{"start":{"line":60,"column":12},"end":{"line":60,"column":24}},"28":{"start":{"line":62,"column":12},"end":{"line":62,"column":61}},"29":{"start":{"line":63,"column":12},"end":{"line":63,"column":22}},"30":{"start":{"line":70,"column":4},"end":{"line":70,"column":53}},"31":{"start":{"line":71,"column":4},"end":{"line":71,"column":23}},"32":{"start":{"line":73,"column":4},"end":{"line":73,"column":49}},"33":{"start":{"line":74,"column":4},"end":{"line":74,"column":20}},"34":{"start":{"line":76,"column":4},"end":{"line":76,"column":62}},"35":{"start":{"line":77,"column":4},"end":{"line":77,"column":20}},"36":{"start":{"line":84,"column":0},"end":{"line":87,"column":3}},"37":{"start":{"line":85,"column":2},"end":{"line":85,"column":47}},"38":{"start":{"line":86,"column":2},"end":{"line":86,"column":41}},"39":{"start":{"line":89,"column":0},"end":{"line":92,"column":3}},"40":{"start":{"line":90,"column":2},"end":{"line":90,"column":74}},"41":{"start":{"line":91,"column":2},"end":{"line":91,"column":42}},"42":{"start":{"line":95,"column":0},"end":{"line":95,"column":57}},"43":{"start":{"line":95,"column":28},"end":{"line":95,"column":55}},"44":{"start":{"line":96,"column":0},"end":{"line":96,"column":55}},"45":{"start":{"line":96,"column":27},"end":{"line":96,"column":53}},"46":{"start":{"line":99,"column":0},"end":{"line":101,"column":1}},"47":{"start":{"line":100,"column":2},"end":{"line":100,"column":16}},"48":{"start":{"line":103,"column":0},"end":{"line":103,"column":51}}},"fnMap":{"0":{"name":"startServer","decl":{"start":{"line":19,"column":15},"end":{"line":19,"column":26}},"loc":{"start":{"line":19,"column":29},"end":{"line":46,"column":1}},"line":19},"1":{"name":"(anonymous_1)","decl":{"start":{"line":33,"column":36},"end":{"line":33,"column":37}},"loc":{"start":{"line":33,"column":42},"end":{"line":39,"column":5}},"line":33},"2":{"name":"gracefulShutdown","decl":{"start":{"line":51,"column":15},"end":{"line":51,"column":31}},"loc":{"start":{"line":51,"column":40},"end":{"line":79,"column":1}},"line":51},"3":{"name":"(anonymous_3)","decl":{"start":{"line":57,"column":24},"end":{"line":57,"column":25}},"loc":{"start":{"line":57,"column":45},"end":{"line":66,"column":7}},"line":57},"4":{"name":"(anonymous_4)","decl":{"start":{"line":58,"column":21},"end":{"line":58,"column":22}},"loc":{"start":{"line":58,"column":30},"end":{"line":65,"column":9}},"line":58},"5":{"name":"(anonymous_5)","decl":{"start":{"line":84,"column":32},"end":{"line":84,"column":33}},"loc":{"start":{"line":84,"column":41},"end":{"line":87,"column":1}},"line":84},"6":{"name":"(anonymous_6)","decl":{"start":{"line":89,"column":33},"end":{"line":89,"column":34}},"loc":{"start":{"line":89,"column":54},"end":{"line":92,"column":1}},"line":89},"7":{"name":"(anonymous_7)","decl":{"start":{"line":95,"column":22},"end":{"line":95,"column":23}},"loc":{"start":{"line":95,"column":28},"end":{"line":95,"column":55}},"line":95},"8":{"name":"(anonymous_8)","decl":{"start":{"line":96,"column":21},"end":{"line":96,"column":22}},"loc":{"start":{"line":96,"column":27},"end":{"line":96,"column":53}},"line":96}},"branchMap":{"0":{"loc":{"start":{"line":11,"column":13},"end":{"line":11,"column":37}},"type":"binary-expr","locations":[{"start":{"line":11,"column":13},"end":{"line":11,"column":29}},{"start":{"line":11,"column":33},"end":{"line":11,"column":37}}],"line":11},"1":{"loc":{"start":{"line":12,"column":13},"end":{"line":12,"column":44}},"type":"binary-expr","locations":[{"start":{"line":12,"column":13},"end":{"line":12,"column":29}},{"start":{"line":12,"column":33},"end":{"line":12,"column":44}}],"line":12},"2":{"loc":{"start":{"line":35,"column":37},"end":{"line":35,"column":74}},"type":"binary-expr","locations":[{"start":{"line":35,"column":37},"end":{"line":35,"column":57}},{"start":{"line":35,"column":61},"end":{"line":35,"column":74}}],"line":35},"3":{"loc":{"start":{"line":56,"column":4},"end":{"line":67,"column":5}},"type":"if","locations":[{"start":{"line":56,"column":4},"end":{"line":67,"column":5}},{"start":{},"end":{}}],"line":56},"4":{"loc":{"start":{"line":59,"column":10},"end":{"line":64,"column":11}},"type":"if","locations":[{"start":{"line":59,"column":10},"end":{"line":64,"column":11}},{"start":{"line":61,"column":17},"end":{"line":64,"column":11}}],"line":59},"5":{"loc":{"start":{"line":99,"column":0},"end":{"line":101,"column":1}},"type":"if","locations":[{"start":{"line":99,"column":0},"end":{"line":101,"column":1}},{"start":{},"end":{}}],"line":99}},"s":{"0":0,"1":0,"2":0,"3":0,"4":0,"5":0,"6":0,"7":0,"8":0,"9":0,"10":0,"11":0,"12":0,"13":0,"14":0,"15":0,"16":0,"17":0,"18":0,"19":0,"20":0,"21":0,"22":0,"23":0,"24":0,"25":0,"26":0,"27":0,"28":0,"29":0,"30":0,"31":0,"32":0,"33":0,"34":0,"35":0,"36":0,"37":0,"38":0,"39":0,"40":0,"41":0,"42":0,"43":0,"44":0,"45":0,"46":0,"47":0,"48":0},"f":{"0":0,"1":0,"2":0,"3":0,"4":0,"5":0,"6":0,"7":0,"8":0},"b":{"0":[0,0],"1":[0,0],"2":[0,0],"3":[0,0],"4":[0,0],"5":[0,0]},"inputSourceMap":null}
,"/Users/sakshisharma/Documents/ai-practical-/src/backend/config/database.js": {"path":"/Users/sakshisharma/Documents/ai-practical-/src/backend/config/database.js","statementMap":{"0":{"start":{"line":1,"column":17},"end":{"line":1,"column":36}},"1":{"start":{"line":10,"column":4},"end":{"line":10,"column":29}},"2":{"start":{"line":11,"column":4},"end":{"line":11,"column":31}},"3":{"start":{"line":12,"column":4},"end":{"line":12,"column":24}},"4":{"start":{"line":13,"column":4},"end":{"line":13,"column":27}},"5":{"start":{"line":21,"column":4},"end":{"line":56,"column":5}},"6":{"start":{"line":22,"column":23},"end":{"line":22,"column":49}},"7":{"start":{"line":23,"column":22},"end":{"line":23,"column":49}},"8":{"start":{"line":25,"column":6},"end":{"line":25,"column":49}},"9":{"start":{"line":26,"column":6},"end":{"line":26,"column":103}},"10":{"start":{"line":28,"column":6},"end":{"line":28,"column":48}},"11":{"start":{"line":30,"column":6},"end":{"line":30,"column":30}},"12":{"start":{"line":31,"column":6},"end":{"line":31,"column":33}},"13":{"start":{"line":33,"column":6},"end":{"line":33,"column":54}},"14":{"start":{"line":34,"column":6},"end":{"line":34,"column":62}},"15":{"start":{"line":36,"column":6},"end":{"line":36,"column":18}},"16":{"start":{"line":38,"column":6},"end":{"line":38,"column":66}},"17":{"start":{"line":41,"column":6},"end":{"line":44,"column":7}},"18":{"start":{"line":42,"column":8},"end":{"line":42,"column":74}},"19":{"start":{"line":43,"column":8},"end":{"line":43,"column":87}},"20":{"start":{"line":46,"column":6},"end":{"line":52,"column":7}},"21":{"start":{"line":47,"column":8},"end":{"line":47,"column":33}},"22":{"start":{"line":48,"column":8},"end":{"line":48,"column":96}},"23":{"start":{"line":50,"column":8},"end":{"line":50,"column":42}},"24":{"start":{"line":51,"column":8},"end":{"line":51,"column":30}},"25":{"start":{"line":54,"column":6},"end":{"line":54,"column":58}},"26":{"start":{"line":55,"column":6},"end":{"line":55,"column":18}},"27":{"start":{"line":64,"column":4},"end":{"line":73,"column":5}},"28":{"start":{"line":65,"column":6},"end":{"line":69,"column":7}},"29":{"start":{"line":66,"column":8},"end":{"line":66,"column":42}},"30":{"start":{"line":67,"column":8},"end":{"line":67,"column":33}},"31":{"start":{"line":68,"column":8},"end":{"line":68,"column":59}},"32":{"start":{"line":71,"column":6},"end":{"line":71,"column":69}},"33":{"start":{"line":72,"column":6},"end":{"line":72,"column":18}},"34":{"start":{"line":81,"column":24},"end":{"line":81,"column":61}},"35":{"start":{"line":83,"column":4},"end":{"line":93,"column":5}},"36":{"start":{"line":85,"column":8},"end":{"line":85,"column":98}},"37":{"start":{"line":87,"column":8},"end":{"line":89,"column":9}},"38":{"start":{"line":88,"column":10},"end":{"line":88,"column":88}},"39":{"start":{"line":90,"column":8},"end":{"line":90,"column":39}},"40":{"start":{"line":92,"column":8},"end":{"line":92,"column":96}},"41":{"start":{"line":101,"column":4},"end":{"line":109,"column":6}},"42":{"start":{"line":117,"column":4},"end":{"line":124,"column":6}},"43":{"start":{"line":131,"column":4},"end":{"line":133,"column":7}},"44":{"start":{"line":132,"column":6},"end":{"line":132,"column":54}},"45":{"start":{"line":135,"column":4},"end":{"line":138,"column":7}},"46":{"start":{"line":136,"column":6},"end":{"line":136,"column":57}},"47":{"start":{"line":137,"column":6},"end":{"line":137,"column":31}},"48":{"start":{"line":140,"column":4},"end":{"line":143,"column":7}},"49":{"start":{"line":141,"column":6},"end":{"line":141,"column":59}},"50":{"start":{"line":142,"column":6},"end":{"line":142,"column":31}},"51":{"start":{"line":146,"column":4},"end":{"line":148,"column":7}},"52":{"start":{"line":147,"column":6},"end":{"line":147,"column":30}},"53":{"start":{"line":157,"column":4},"end":{"line":157,"column":59}},"54":{"start":{"line":157,"column":34},"end":{"line":157,"column":57}},"55":{"start":{"line":162,"column":27},"end":{"line":162,"column":51}},"56":{"start":{"line":165,"column":0},"end":{"line":165,"column":41}},"57":{"start":{"line":167,"column":0},"end":{"line":172,"column":2}},"58":{"start":{"line":168,"column":17},"end":{"line":168,"column":45}},"59":{"start":{"line":169,"column":20},"end":{"line":169,"column":51}},"60":{"start":{"line":170,"column":29},"end":{"line":170,"column":69}},"61":{"start":{"line":171,"column":21},"end":{"line":171,"column":51}}},"fnMap":{"0":{"name":"(anonymous_0)","decl":{"start":{"line":9,"column":2},"end":{"line":9,"column":3}},"loc":{"start":{"line":9,"column":16},"end":{"line":14,"column":3}},"line":9},"1":{"name":"(anonymous_1)","decl":{"start":{"line":20,"column":2},"end":{"line":20,"column":3}},"loc":{"start":{"line":20,"column":18},"end":{"line":57,"column":3}},"line":20},"2":{"name":"(anonymous_2)","decl":{"start":{"line":63,"column":2},"end":{"line":63,"column":3}},"loc":{"start":{"line":63,"column":21},"end":{"line":74,"column":3}},"line":63},"3":{"name":"(anonymous_3)","decl":{"start":{"line":80,"column":2},"end":{"line":80,"column":3}},"loc":{"start":{"line":80,"column":24},"end":{"line":94,"column":3}},"line":80},"4":{"name":"(anonymous_4)","decl":{"start":{"line":100,"column":2},"end":{"line":100,"column":3}},"loc":{"start":{"line":100,"column":25},"end":{"line":110,"column":3}},"line":100},"5":{"name":"(anonymous_5)","decl":{"start":{"line":116,"column":2},"end":{"line":116,"column":3}},"loc":{"start":{"line":116,"column":24},"end":{"line":125,"column":3}},"line":116},"6":{"name":"(anonymous_6)","decl":{"start":{"line":130,"column":2},"end":{"line":130,"column":3}},"loc":{"start":{"line":130,"column":24},"end":{"line":149,"column":3}},"line":130},"7":{"name":"(anonymous_7)","decl":{"start":{"line":131,"column":40},"end":{"line":131,"column":41}},"loc":{"start":{"line":131,"column":46},"end":{"line":133,"column":5}},"line":131},"8":{"name":"(anonymous_8)","decl":{"start":{"line":135,"column":36},"end":{"line":135,"column":37}},"loc":{"start":{"line":135,"column":45},"end":{"line":138,"column":5}},"line":135},"9":{"name":"(anonymous_9)","decl":{"start":{"line":140,"column":43},"end":{"line":140,"column":44}},"loc":{"start":{"line":140,"column":49},"end":{"line":143,"column":5}},"line":140},"10":{"name":"(anonymous_10)","decl":{"start":{"line":146,"column":25},"end":{"line":146,"column":26}},"loc":{"start":{"line":146,"column":37},"end":{"line":148,"column":5}},"line":146},"11":{"name":"(anonymous_11)","decl":{"start":{"line":156,"column":2},"end":{"line":156,"column":3}},"loc":{"start":{"line":156,"column":12},"end":{"line":158,"column":3}},"line":156},"12":{"name":"(anonymous_12)","decl":{"start":{"line":157,"column":23},"end":{"line":157,"column":24}},"loc":{"start":{"line":157,"column":34},"end":{"line":157,"column":57}},"line":157},"13":{"name":"(anonymous_13)","decl":{"start":{"line":168,"column":11},"end":{"line":168,"column":12}},"loc":{"start":{"line":168,"column":17},"end":{"line":168,"column":45}},"line":168},"14":{"name":"(anonymous_14)","decl":{"start":{"line":169,"column":14},"end":{"line":169,"column":15}},"loc":{"start":{"line":169,"column":20},"end":{"line":169,"column":51}},"line":169},"15":{"name":"(anonymous_15)","decl":{"start":{"line":170,"column":23},"end":{"line":170,"column":24}},"loc":{"start":{"line":170,"column":29},"end":{"line":170,"column":69}},"line":170},"16":{"name":"(anonymous_16)","decl":{"start":{"line":171,"column":15},"end":{"line":171,"column":16}},"loc":{"start":{"line":171,"column":21},"end":{"line":171,"column":51}},"line":171}},"branchMap":{"0":{"loc":{"start":{"line":41,"column":6},"end":{"line":44,"column":7}},"type":"if","locations":[{"start":{"line":41,"column":6},"end":{"line":44,"column":7}},{"start":{},"end":{}}],"line":41},"1":{"loc":{"start":{"line":41,"column":10},"end":{"line":41,"column":85}},"type":"binary-expr","locations":[{"start":{"line":41,"column":10},"end":{"line":41,"column":48}},{"start":{"line":41,"column":52},"end":{"line":41,"column":85}}],"line":41},"2":{"loc":{"start":{"line":46,"column":6},"end":{"line":52,"column":7}},"type":"if","locations":[{"start":{"line":46,"column":6},"end":{"line":52,"column":7}},{"start":{},"end":{}}],"line":46},"3":{"loc":{"start":{"line":65,"column":6},"end":{"line":69,"column":7}},"type":"if","locations":[{"start":{"line":65,"column":6},"end":{"line":69,"column":7}},{"start":{},"end":{}}],"line":65},"4":{"loc":{"start":{"line":81,"column":24},"end":{"line":81,"column":61}},"type":"binary-expr","locations":[{"start":{"line":81,"column":24},"end":{"line":81,"column":44}},{"start":{"line":81,"column":48},"end":{"line":81,"column":61}}],"line":81},"5":{"loc":{"start":{"line":83,"column":4},"end":{"line":93,"column":5}},"type":"switch","locations":[{"start":{"line":84,"column":6},"end":{"line":85,"column":98}},{"start":{"line":86,"column":6},"end":{"line":90,"column":39}},{"start":{"line":91,"column":6},"end":{"line":92,"column":96}}],"line":83},"6":{"loc":{"start":{"line":85,"column":15},"end":{"line":85,"column":97}},"type":"binary-expr","locations":[{"start":{"line":85,"column":15},"end":{"line":85,"column":43}},{"start":{"line":85,"column":47},"end":{"line":85,"column":97}}],"line":85},"7":{"loc":{"start":{"line":87,"column":8},"end":{"line":89,"column":9}},"type":"if","locations":[{"start":{"line":87,"column":8},"end":{"line":89,"column":9}},{"start":{},"end":{}}],"line":87},"8":{"loc":{"start":{"line":92,"column":15},"end":{"line":92,"column":95}},"type":"binary-expr","locations":[{"start":{"line":92,"column":15},"end":{"line":92,"column":42}},{"start":{"line":92,"column":46},"end":{"line":92,"column":95}}],"line":92},"9":{"loc":{"start":{"line":103,"column":19},"end":{"line":103,"column":63}},"type":"binary-expr","locations":[{"start":{"line":103,"column":19},"end":{"line":103,"column":57}},{"start":{"line":103,"column":61},"end":{"line":103,"column":63}}],"line":103},"10":{"loc":{"start":{"line":104,"column":32},"end":{"line":104,"column":89}},"type":"binary-expr","locations":[{"start":{"line":104,"column":32},"end":{"line":104,"column":81}},{"start":{"line":104,"column":85},"end":{"line":104,"column":89}}],"line":104},"11":{"loc":{"start":{"line":105,"column":23},"end":{"line":105,"column":71}},"type":"binary-expr","locations":[{"start":{"line":105,"column":23},"end":{"line":105,"column":62}},{"start":{"line":105,"column":66},"end":{"line":105,"column":71}}],"line":105},"12":{"loc":{"start":{"line":108,"column":10},"end":{"line":108,"column":82}},"type":"binary-expr","locations":[{"start":{"line":108,"column":10},"end":{"line":108,"column":36}},{"start":{"line":108,"column":40},"end":{"line":108,"column":82}}],"line":108}},"s":{"0":1,"1":1,"2":1,"3":1,"4":1,"5":0,"6":0,"7":0,"8":0,"9":0,"10":0,"11":0,"12":0,"13":0,"14":0,"15":0,"16":0,"17":0,"18":0,"19":0,"20":0,"21":0,"22":0,"23":0,"24":0,"25":0,"26":0,"27":0,"28":0,"29":0,"30":0,"31":0,"32":0,"33":0,"34":0,"35":0,"36":0,"37":0,"38":0,"39":0,"40":0,"41":0,"42":6,"43":1,"44":1,"45":1,"46":0,"47":0,"48":1,"49":1,"50":1,"51":1,"52":0,"53":0,"54":0,"55":1,"56":1,"57":1,"58":0,"59":0,"60":6,"61":0},"f":{"0":1,"1":0,"2":0,"3":0,"4":0,"5":6,"6":1,"7":1,"8":0,"9":1,"10":0,"11":0,"12":0,"13":0,"14":0,"15":6,"16":0},"b":{"0":[0,0],"1":[0,0],"2":[0,0],"3":[0,0],"4":[0,0],"5":[0,0,0],"6":[0,0],"7":[0,0],"8":[0,0],"9":[0,0],"10":[0,0],"11":[0,0],"12":[0,0]},"inputSourceMap":null,"_coverageSchema":"1a1c01bbd47fc00a2c39e90264f33305004495a9","hash":"a61a4c6060ec16d1a656eecbbdf891a9f992524a"}
,"/Users/sakshisharma/Documents/ai-practical-/src/backend/utils/testConnection.js": {"path":"/Users/sakshisharma/Documents/ai-practical-/src/backend/utils/testConnection.js","statementMap":{"0":{"start":{"line":1,"column":53},"end":{"line":1,"column":82}},"1":{"start":{"line":14,"column":22},"end":{"line":14,"column":32}},"2":{"start":{"line":15,"column":23},"end":{"line":20,"column":5}},"3":{"start":{"line":22,"column":4},"end":{"line":62,"column":5}},"4":{"start":{"line":23,"column":6},"end":{"line":23,"column":55}},"5":{"start":{"line":26,"column":6},"end":{"line":26,"column":22}},"6":{"start":{"line":29,"column":31},"end":{"line":29,"column":52}},"7":{"start":{"line":31,"column":6},"end":{"line":31,"column":32}},"8":{"start":{"line":32,"column":6},"end":{"line":32,"column":51}},"9":{"start":{"line":33,"column":6},"end":{"line":33,"column":51}},"10":{"start":{"line":35,"column":6},"end":{"line":35,"column":55}},"11":{"start":{"line":36,"column":6},"end":{"line":36,"column":67}},"12":{"start":{"line":37,"column":6},"end":{"line":42,"column":9}},"13":{"start":{"line":44,"column":6},"end":{"line":44,"column":24}},"14":{"start":{"line":46,"column":6},"end":{"line":46,"column":33}},"15":{"start":{"line":47,"column":6},"end":{"line":47,"column":39}},"16":{"start":{"line":48,"column":6},"end":{"line":48,"column":51}},"17":{"start":{"line":50,"column":6},"end":{"line":50,"column":57}},"18":{"start":{"line":51,"column":6},"end":{"line":51,"column":69}},"19":{"start":{"line":52,"column":6},"end":{"line":52,"column":48}},"20":{"start":{"line":54,"column":6},"end":{"line":54,"column":24}},"21":{"start":{"line":57,"column":6},"end":{"line":61,"column":7}},"22":{"start":{"line":58,"column":8},"end":{"line":58,"column":27}},"23":{"start":{"line":60,"column":8},"end":{"line":60,"column":79}},"24":{"start":{"line":72,"column":20},"end":{"line":72,"column":24}},"25":{"start":{"line":74,"column":4},"end":{"line":91,"column":5}},"26":{"start":{"line":74,"column":23},"end":{"line":74,"column":24}},"27":{"start":{"line":75,"column":6},"end":{"line":75,"column":68}},"28":{"start":{"line":77,"column":6},"end":{"line":85,"column":7}},"29":{"start":{"line":78,"column":23},"end":{"line":78,"column":50}},"30":{"start":{"line":79,"column":8},"end":{"line":81,"column":9}},"31":{"start":{"line":80,"column":10},"end":{"line":80,"column":24}},"32":{"start":{"line":82,"column":8},"end":{"line":82,"column":33}},"33":{"start":{"line":84,"column":8},"end":{"line":84,"column":34}},"34":{"start":{"line":87,"column":6},"end":{"line":90,"column":7}},"35":{"start":{"line":88,"column":8},"end":{"line":88,"column":65}},"36":{"start":{"line":89,"column":8},"end":{"line":89,"column":37}},"37":{"start":{"line":93,"column":4},"end":{"line":97,"column":6}},"38":{"start":{"line":106,"column":19},"end":{"line":111,"column":5}},"39":{"start":{"line":112,"column":4},"end":{"line":112,"column":43}},"40":{"start":{"line":121,"column":4},"end":{"line":121,"column":59}},"41":{"start":{"line":121,"column":34},"end":{"line":121,"column":57}},"42":{"start":{"line":128,"column":4},"end":{"line":128,"column":59}},"43":{"start":{"line":129,"column":4},"end":{"line":129,"column":33}},"44":{"start":{"line":131,"column":19},"end":{"line":131,"column":55}},"45":{"start":{"line":133,"column":4},"end":{"line":133,"column":33}},"46":{"start":{"line":134,"column":4},"end":{"line":134,"column":36}},"47":{"start":{"line":135,"column":4},"end":{"line":135,"column":71}},"48":{"start":{"line":137,"column":4},"end":{"line":142,"column":5}},"49":{"start":{"line":138,"column":6},"end":{"line":138,"column":52}},"50":{"start":{"line":139,"column":6},"end":{"line":139,"column":62}},"51":{"start":{"line":141,"column":6},"end":{"line":141,"column":44}},"52":{"start":{"line":144,"column":4},"end":{"line":144,"column":41}},"53":{"start":{"line":149,"column":0},"end":{"line":151,"column":1}},"54":{"start":{"line":150,"column":2},"end":{"line":150,"column":53}},"55":{"start":{"line":153,"column":0},"end":{"line":153,"column":34}}},"fnMap":{"0":{"name":"(anonymous_0)","decl":{"start":{"line":13,"column":2},"end":{"line":13,"column":3}},"loc":{"start":{"line":13,"column":32},"end":{"line":63,"column":3}},"line":13},"1":{"name":"(anonymous_1)","decl":{"start":{"line":71,"column":2},"end":{"line":71,"column":3}},"loc":{"start":{"line":71,"column":74},"end":{"line":98,"column":3}},"line":71},"2":{"name":"(anonymous_2)","decl":{"start":{"line":105,"column":2},"end":{"line":105,"column":3}},"loc":{"start":{"line":105,"column":46},"end":{"line":113,"column":3}},"line":105},"3":{"name":"(anonymous_3)","decl":{"start":{"line":120,"column":2},"end":{"line":120,"column":3}},"loc":{"start":{"line":120,"column":19},"end":{"line":122,"column":3}},"line":120},"4":{"name":"(anonymous_4)","decl":{"start":{"line":121,"column":23},"end":{"line":121,"column":24}},"loc":{"start":{"line":121,"column":34},"end":{"line":121,"column":57}},"line":121},"5":{"name":"(anonymous_5)","decl":{"start":{"line":127,"column":2},"end":{"line":127,"column":3}},"loc":{"start":{"line":127,"column":28},"end":{"line":145,"column":3}},"line":127}},"branchMap":{"0":{"loc":{"start":{"line":71,"column":39},"end":{"line":71,"column":53}},"type":"default-arg","locations":[{"start":{"line":71,"column":52},"end":{"line":71,"column":53}}],"line":71},"1":{"loc":{"start":{"line":71,"column":55},"end":{"line":71,"column":72}},"type":"default-arg","locations":[{"start":{"line":71,"column":68},"end":{"line":71,"column":72}}],"line":71},"2":{"loc":{"start":{"line":79,"column":8},"end":{"line":81,"column":9}},"type":"if","locations":[{"start":{"line":79,"column":8},"end":{"line":81,"column":9}},{"start":{},"end":{}}],"line":79},"3":{"loc":{"start":{"line":87,"column":6},"end":{"line":90,"column":7}},"type":"if","locations":[{"start":{"line":87,"column":6},"end":{"line":90,"column":7}},{"start":{},"end":{}}],"line":87},"4":{"loc":{"start":{"line":95,"column":13},"end":{"line":95,"column":70}},"type":"binary-expr","locations":[{"start":{"line":95,"column":13},"end":{"line":95,"column":22}},{"start":{"line":95,"column":26},"end":{"line":95,"column":70}}],"line":95},"5":{"loc":{"start":{"line":112,"column":11},"end":{"line":112,"column":42}},"type":"binary-expr","locations":[{"start":{"line":112,"column":11},"end":{"line":112,"column":29}},{"start":{"line":112,"column":33},"end":{"line":112,"column":42}}],"line":112},"6":{"loc":{"start":{"line":135,"column":27},"end":{"line":135,"column":67}},"type":"cond-expr","locations":[{"start":{"line":135,"column":44},"end":{"line":135,"column":54}},{"start":{"line":135,"column":57},"end":{"line":135,"column":67}}],"line":135},"7":{"loc":{"start":{"line":137,"column":4},"end":{"line":142,"column":5}},"type":"if","locations":[{"start":{"line":137,"column":4},"end":{"line":142,"column":5}},{"start":{"line":140,"column":11},"end":{"line":142,"column":5}}],"line":137},"8":{"loc":{"start":{"line":144,"column":17},"end":{"line":144,"column":39}},"type":"cond-expr","locations":[{"start":{"line":144,"column":34},"end":{"line":144,"column":35}},{"start":{"line":144,"column":38},"end":{"line":144,"column":39}}],"line":144},"9":{"loc":{"start":{"line":149,"column":0},"end":{"line":151,"column":1}},"type":"if","locations":[{"start":{"line":149,"column":0},"end":{"line":151,"column":1}},{"start":{},"end":{}}],"line":149}},"s":{"0":0,"1":0,"2":0,"3":0,"4":0,"5":0,"6":0,"7":0,"8":0,"9":0,"10":0,"11":0,"12":0,"13":0,"14":0,"15":0,"16":0,"17":0,"18":0,"19":0,"20":0,"21":0,"22":0,"23":0,"24":0,"25":0,"26":0,"27":0,"28":0,"29":0,"30":0,"31":0,"32":0,"33":0,"34":0,"35":0,"36":0,"37":0,"38":0,"39":0,"40":0,"41":0,"42":0,"43":0,"44":0,"45":0,"46":0,"47":0,"48":0,"49":0,"50":0,"51":0,"52":0,"53":0,"54":0,"55":0},"f":{"0":0,"1":0,"2":0,"3":0,"4":0,"5":0},"b":{"0":[0],"1":[0],"2":[0,0],"3":[0,0],"4":[0,0],"5":[0,0],"6":[0,0],"7":[0,0],"8":[0,0],"9":[0,0]},"inputSourceMap":null}
}
