TN:
SF:app.js
FN:52,(anonymous_0)
FN:69,(anonymous_1)
FN:89,(anonymous_2)
FN:98,(anonymous_3)
FN:122,initializeDatabase
FNF:5
FNH:4
FNDA:5,(anonymous_0)
FNDA:1,(anonymous_1)
FNDA:4,(anonymous_2)
FNDA:1,(anonymous_3)
FNDA:0,initializeDatabase
DA:1,1
DA:2,1
DA:3,1
DA:4,1
DA:5,1
DA:6,1
DA:13,1
DA:16,1
DA:28,1
DA:36,1
DA:37,0
DA:41,1
DA:46,1
DA:52,1
DA:53,5
DA:55,5
DA:69,1
DA:70,1
DA:72,1
DA:89,1
DA:90,4
DA:98,1
DA:99,1
DA:102,1
DA:103,1
DA:106,1
DA:107,0
DA:110,1
DA:123,0
DA:124,0
DA:125,0
DA:127,0
DA:130,0
DA:131,0
DA:132,0
DA:136,0
DA:140,1
LF:37
LH:27
BRDA:29,0,0,1
BRDA:29,0,1,0
BRDA:36,1,0,0
BRDA:36,1,1,1
BRDA:37,2,0,0
BRDA:37,2,1,0
BRDA:59,3,0,5
BRDA:59,3,1,0
BRDA:63,4,0,5
BRDA:63,4,1,5
BRDA:72,5,0,0
BRDA:72,5,1,1
BRDA:102,6,0,1
BRDA:102,6,1,0
BRDA:102,6,2,0
BRDA:103,7,0,1
BRDA:103,7,1,0
BRDA:106,8,0,0
BRDA:106,8,1,1
BRDA:106,9,0,1
BRDA:106,9,1,0
BRDA:114,10,0,1
BRDA:114,10,1,1
BRDA:130,11,0,0
BRDA:130,11,1,0
BRF:25
BRH:12
end_of_record
TN:
SF:server.js
FN:19,startServer
FN:33,(anonymous_1)
FN:51,gracefulShutdown
FN:57,(anonymous_3)
FN:58,(anonymous_4)
FN:84,(anonymous_5)
FN:89,(anonymous_6)
FN:95,(anonymous_7)
FN:96,(anonymous_8)
FNF:9
FNH:0
FNDA:0,startServer
FNDA:0,(anonymous_1)
FNDA:0,gracefulShutdown
FNDA:0,(anonymous_3)
FNDA:0,(anonymous_4)
FNDA:0,(anonymous_5)
FNDA:0,(anonymous_6)
FNDA:0,(anonymous_7)
FNDA:0,(anonymous_8)
DA:1,0
DA:2,0
DA:3,0
DA:11,0
DA:12,0
DA:20,0
DA:22,0
DA:24,0
DA:25,0
DA:27,0
DA:28,0
DA:29,0
DA:33,0
DA:34,0
DA:35,0
DA:36,0
DA:37,0
DA:38,0
DA:41,0
DA:43,0
DA:44,0
DA:52,0
DA:54,0
DA:56,0
DA:57,0
DA:58,0
DA:59,0
DA:60,0
DA:62,0
DA:63,0
DA:70,0
DA:71,0
DA:73,0
DA:74,0
DA:76,0
DA:77,0
DA:84,0
DA:85,0
DA:86,0
DA:89,0
DA:90,0
DA:91,0
DA:95,0
DA:96,0
DA:99,0
DA:100,0
DA:103,0
LF:47
LH:0
BRDA:11,0,0,0
BRDA:11,0,1,0
BRDA:12,1,0,0
BRDA:12,1,1,0
BRDA:35,2,0,0
BRDA:35,2,1,0
BRDA:56,3,0,0
BRDA:56,3,1,0
BRDA:59,4,0,0
BRDA:59,4,1,0
BRDA:99,5,0,0
BRDA:99,5,1,0
BRF:12
BRH:0
end_of_record
TN:
SF:config/database.js
FN:9,(anonymous_0)
FN:20,(anonymous_1)
FN:63,(anonymous_2)
FN:80,(anonymous_3)
FN:100,(anonymous_4)
FN:116,(anonymous_5)
FN:130,(anonymous_6)
FN:131,(anonymous_7)
FN:135,(anonymous_8)
FN:140,(anonymous_9)
FN:146,(anonymous_10)
FN:156,(anonymous_11)
FN:157,(anonymous_12)
FN:168,(anonymous_13)
FN:169,(anonymous_14)
FN:170,(anonymous_15)
FN:171,(anonymous_16)
FNF:17
FNH:6
FNDA:1,(anonymous_0)
FNDA:0,(anonymous_1)
FNDA:0,(anonymous_2)
FNDA:0,(anonymous_3)
FNDA:0,(anonymous_4)
FNDA:6,(anonymous_5)
FNDA:1,(anonymous_6)
FNDA:1,(anonymous_7)
FNDA:0,(anonymous_8)
FNDA:1,(anonymous_9)
FNDA:0,(anonymous_10)
FNDA:0,(anonymous_11)
FNDA:0,(anonymous_12)
FNDA:0,(anonymous_13)
FNDA:0,(anonymous_14)
FNDA:6,(anonymous_15)
FNDA:0,(anonymous_16)
DA:1,1
DA:10,1
DA:11,1
DA:12,1
DA:13,1
DA:21,0
DA:22,0
DA:23,0
DA:25,0
DA:26,0
DA:28,0
DA:30,0
DA:31,0
DA:33,0
DA:34,0
DA:36,0
DA:38,0
DA:41,0
DA:42,0
DA:43,0
DA:46,0
DA:47,0
DA:48,0
DA:50,0
DA:51,0
DA:54,0
DA:55,0
DA:64,0
DA:65,0
DA:66,0
DA:67,0
DA:68,0
DA:71,0
DA:72,0
DA:81,0
DA:83,0
DA:85,0
DA:87,0
DA:88,0
DA:90,0
DA:92,0
DA:101,0
DA:117,6
DA:131,1
DA:132,1
DA:135,1
DA:136,0
DA:137,0
DA:140,1
DA:141,1
DA:142,1
DA:146,1
DA:147,0
DA:157,0
DA:162,1
DA:165,1
DA:167,1
DA:168,0
DA:169,0
DA:170,6
DA:171,0
LF:61
LH:17
BRDA:41,0,0,0
BRDA:41,0,1,0
BRDA:41,1,0,0
BRDA:41,1,1,0
BRDA:46,2,0,0
BRDA:46,2,1,0
BRDA:65,3,0,0
BRDA:65,3,1,0
BRDA:81,4,0,0
BRDA:81,4,1,0
BRDA:83,5,0,0
BRDA:83,5,1,0
BRDA:83,5,2,0
BRDA:85,6,0,0
BRDA:85,6,1,0
BRDA:87,7,0,0
BRDA:87,7,1,0
BRDA:92,8,0,0
BRDA:92,8,1,0
BRDA:103,9,0,0
BRDA:103,9,1,0
BRDA:104,10,0,0
BRDA:104,10,1,0
BRDA:105,11,0,0
BRDA:105,11,1,0
BRDA:108,12,0,0
BRDA:108,12,1,0
BRF:27
BRH:0
end_of_record
TN:
SF:utils/testConnection.js
FN:13,(anonymous_0)
FN:71,(anonymous_1)
FN:105,(anonymous_2)
FN:120,(anonymous_3)
FN:121,(anonymous_4)
FN:127,(anonymous_5)
FNF:6
FNH:0
FNDA:0,(anonymous_0)
FNDA:0,(anonymous_1)
FNDA:0,(anonymous_2)
FNDA:0,(anonymous_3)
FNDA:0,(anonymous_4)
FNDA:0,(anonymous_5)
DA:1,0
DA:14,0
DA:15,0
DA:22,0
DA:23,0
DA:26,0
DA:29,0
DA:31,0
DA:32,0
DA:33,0
DA:35,0
DA:36,0
DA:37,0
DA:44,0
DA:46,0
DA:47,0
DA:48,0
DA:50,0
DA:51,0
DA:52,0
DA:54,0
DA:57,0
DA:58,0
DA:60,0
DA:72,0
DA:74,0
DA:75,0
DA:77,0
DA:78,0
DA:79,0
DA:80,0
DA:82,0
DA:84,0
DA:87,0
DA:88,0
DA:89,0
DA:93,0
DA:106,0
DA:112,0
DA:121,0
DA:128,0
DA:129,0
DA:131,0
DA:133,0
DA:134,0
DA:135,0
DA:137,0
DA:138,0
DA:139,0
DA:141,0
DA:144,0
DA:149,0
DA:150,0
DA:153,0
LF:54
LH:0
BRDA:71,0,0,0
BRDA:71,1,0,0
BRDA:79,2,0,0
BRDA:79,2,1,0
BRDA:87,3,0,0
BRDA:87,3,1,0
BRDA:95,4,0,0
BRDA:95,4,1,0
BRDA:112,5,0,0
BRDA:112,5,1,0
BRDA:135,6,0,0
BRDA:135,6,1,0
BRDA:137,7,0,0
BRDA:137,7,1,0
BRDA:144,8,0,0
BRDA:144,8,1,0
BRDA:149,9,0,0
BRDA:149,9,1,0
BRF:18
BRH:0
end_of_record
